<?xml version="1.0" encoding="UTF-8"?>
<!-- Generated by org.testng.reporters.JUnitReportReporter -->
<testsuite hostname="LAPTOP-FR304L32" failures="0" tests="1" name="test.AddToCartTest" time="5.547" errors="0" timestamp="2024-01-18T11:58:03 IST" skipped="0">
  <testcase classname="test.AddToCartTest" name="verifyIfUserIsAbleToAddProductToCartUsingQuickViewOption" time="5.547"/>
</testsuite> <!-- test.AddToCartTest -->
