<?xml version="1.0" encoding="UTF-8"?>
<!-- Generated by org.testng.reporters.JUnitReportReporter -->
<testsuite hostname="LAPTOP-FR304L32" failures="0" tests="1" name="test.AddToCartTest" time="4.291" errors="0" timestamp="2024-01-08T19:06:50 IST" skipped="0">
  <testcase classname="test.AddToCartTest" name="verifyIfUserIsAbleToAddProductToCartUsingQuickViewOption" time="4.291"/>
</testsuite> <!-- test.AddToCartTest -->
