<?xml version="1.0" encoding="UTF-8"?>
<!-- Generated by org.testng.reporters.JUnitReportReporter -->
<testsuite hostname="LAPTOP-FR304L32" failures="0" tests="1" name="test.AddToCartTest" time="4.604" errors="0" timestamp="2024-01-16T19:37:17 IST" skipped="0">
  <testcase classname="test.AddToCartTest" name="verifyIfUserIsAbleToAddProductToCartUsingQuickViewOption" time="4.604"/>
</testsuite> <!-- test.AddToCartTest -->
