<?xml version="1.0" encoding="UTF-8"?>
<!-- Generated by org.testng.reporters.JUnitReportReporter -->
<testsuite hostname="LAPTOP-FR304L32" failures="0" tests="1" name="test.AddToCartTest" time="4.236" errors="0" timestamp="2024-01-14T07:28:57 IST" skipped="0">
  <testcase classname="test.AddToCartTest" name="addSingleProductToCartAndVerifyIfUnitPricePlusShippingPriceIsEqualToOrderAmount" time="4.236"/>
</testsuite> <!-- test.AddToCartTest -->
