<?xml version="1.0" encoding="UTF-8"?>
<!-- Generated by org.testng.reporters.JUnitReportReporter -->
<testsuite hostname="LAPTOP-FR304L32" failures="0" tests="1" name="test.ShippingAddressTest" time="112.216" errors="0" timestamp="2024-01-23T18:16:33 IST" skipped="0">
  <testcase classname="test.ShippingAddressTest" name="verifyShippingAddress" time="112.216"/>
</testsuite> <!-- test.ShippingAddressTest -->
