<?xml version="1.0" encoding="UTF-8"?>
<!-- Generated by org.testng.reporters.JUnitReportReporter -->
<testsuite hostname="LAPTOP-FR304L32" failures="0" tests="1" name="test.VerifyShoppingCategoriesTest" time="3.606" errors="0" timestamp="2024-01-03T15:09:19 IST" skipped="0">
  <testcase classname="test.VerifyShoppingCategoriesTest" name="verifyIfUserIsAbleToSearchProduc" time="3.606"/>
</testsuite> <!-- test.VerifyShoppingCategoriesTest -->
