<?xml version="1.0" encoding="UTF-8"?>
<!-- Generated by org.testng.reporters.JUnitReportReporter -->
<testsuite hostname="LAPTOP-FR304L32" failures="0" tests="1" name="test.ProductSearchTest" time="8.498" errors="0" timestamp="2024-01-04T15:28:36 IST" skipped="0">
  <testcase classname="test.ProductSearchTest" name="verifyIfProductsAreDisplayedOnValidSearch" time="8.498"/>
</testsuite> <!-- test.ProductSearchTest -->
